<?xml version="1.0" encoding="UTF-8"?>
<testng-results ignored="0" total="1" passed="1" failed="0" skipped="0">
  <reporter-output>
  </reporter-output>
  <suite started-at="2023-03-04T14:04:42 IST" name="Amazon test suite" finished-at="2023-03-04T14:05:05 IST" duration-ms="23240">
    <groups>
    </groups>
    <test started-at="2023-03-04T14:04:42 IST" name="Test for Amazon regression" finished-at="2023-03-04T14:05:05 IST" duration-ms="23240">
      <class name="qTrip.Tests.TestCase03">
        <test-method is-config="true" signature="maximizeWindow()[pri:0, instance:qTrip.Tests.TestCase03@54f4a7f0]" started-at="2023-03-04T14:04:42 IST" name="maximizeWindow" finished-at="2023-03-04T14:04:42 IST" duration-ms="129" status="PASS">
          <reporter-output>
          </reporter-output>
        </test-method> <!-- maximizeWindow -->
        <test-method signature="testCase03()[pri:3, instance:qTrip.Tests.TestCase03@54f4a7f0]" started-at="2023-03-04T14:04:42 IST" name="testCase03" finished-at="2023-03-04T14:05:05 IST" duration-ms="22949" status="PASS">
          <reporter-output>
          </reporter-output>
        </test-method> <!-- testCase03 -->
        <test-method is-config="true" signature="tearDown()[pri:0, instance:qTrip.Tests.TestCase03@54f4a7f0]" started-at="2023-03-04T14:05:05 IST" name="tearDown" finished-at="2023-03-04T14:05:05 IST" duration-ms="131" status="PASS">
          <reporter-output>
          </reporter-output>
        </test-method> <!-- tearDown -->
      </class> <!-- qTrip.Tests.TestCase03 -->
    </test> <!-- Test for Amazon regression -->
  </suite> <!-- Amazon test suite -->
</testng-results>
